<?xml version="1.0" encoding="UTF-8"?>
<testng-results ignored="0" total="1" passed="1" failed="0" skipped="0">
  <reporter-output>
  </reporter-output>
  <suite started-at="2026-08-17T16:03:43 IST" name="Default suite" finished-at="2026-08-17T16:03:52 IST" duration-ms="8627">
    <groups>
    </groups>
    <test started-at="2026-08-17T16:03:43 IST" name="Default test" finished-at="2026-08-17T16:03:52 IST" duration-ms="8627">
      <class name="com.EasyCalculation.TestCases.ExecuteLoginPage">
        <test-method signature="CheckValidUser()[pri:0, instance:com.EasyCalculation.TestCases.ExecuteLoginPage@7a6d7e92]" started-at="2026-08-17T16:03:43 IST" name="CheckValidUser" finished-at="2026-08-17T16:03:52 IST" duration-ms="8473" status="PASS">
          <reporter-output>
          </reporter-output>
        </test-method> <!-- CheckValidUser -->
      </class> <!-- com.EasyCalculation.TestCases.ExecuteLoginPage -->
    </test> <!-- Default test -->
  </suite> <!-- Default suite -->
</testng-results>
